# JRE version: OpenJDK Runtime Environment Microsoft-25199 (11.0.12+7) (build 11.0.12+7)
# Java VM: OpenJDK 64-Bit Server VM Microsoft-25199 (11.0.12+7, mixed mode, tiered, compressed oops, g1 gc, windows-amd64)
Heap:
 garbage-first heap   total 521216K, used 141312K [0x00000000c0000000, 0x0000000100000000)
  region size 1024K, 12 young (12288K), 12 survivors (12288K)
 Metaspace       used 14954K, capacity 15156K, committed 15232K, reserved 1062912K
  class space    used 1518K, capacity 1626K, committed 1664K, reserved 1048576K
GC Heap History (20 events):
Event: 0.957 GC heap after
{Heap after GC invocations=5 (full 0):
 garbage-first heap   total 131072K, used 25786K [0x00000000c0000000, 0x0000000100000000)
  region size 1024K, 6 young (6144K), 6 survivors (6144K)
 Metaspace       used 11404K, capacity 11544K, committed 11648K, reserved 1060864K
  class space    used 1098K, capacity 1145K, committed 1152K, reserved 1048576K
}
Event: 1.084 GC heap before
{Heap before GC invocations=5 (full 0):
 garbage-first heap   total 131072K, used 69818K [0x00000000c0000000, 0x0000000100000000)
  region size 1024K, 49 young (50176K), 6 survivors (6144K)
 Metaspace       used 11410K, capacity 11608K, committed 11648K, reserved 1060864K
  class space    used 1098K, capacity 1145K, committed 1152K, reserved 1048576K
}
Event: 1.091 GC heap after
{Heap after GC invocations=6 (full 0):
 garbage-first heap   total 131072K, used 34816K [0x00000000c0000000, 0x0000000100000000)
  region size 1024K, 7 young (7168K), 7 survivors (7168K)
 Metaspace       used 11410K, capacity 11608K, committed 11648K, reserved 1060864K
  class space    used 1098K, capacity 1145K, committed 1152K, reserved 1048576K
}
Event: 1.334 GC heap before
{Heap before GC invocations=6 (full 0):
 garbage-first heap   total 131072K, used 78848K [0x00000000c0000000, 0x0000000100000000)
  region size 1024K, 50 young (51200K), 7 survivors (7168K)
 Metaspace       used 12683K, capacity 12860K, committed 13184K, reserved 1060864K
  class space    used 1240K, capacity 1314K, committed 1408K, reserved 1048576K
}
Event: 1.342 GC heap after
{Heap after GC invocations=7 (full 0):
 garbage-first heap   total 157696K, used 44032K [0x00000000c0000000, 0x0000000100000000)
  region size 1024K, 7 young (7168K), 7 survivors (7168K)
 Metaspace       used 12683K, capacity 12860K, committed 13184K, reserved 1060864K
  class space    used 1240K, capacity 1314K, committed 1408K, reserved 1048576K
}
Event: 1.787 GC heap before
{Heap before GC invocations=7 (full 0):
 garbage-first heap   total 157696K, used 93184K [0x00000000c0000000, 0x0000000100000000)
  region size 1024K, 56 young (57344K), 7 survivors (7168K)
 Metaspace       used 13290K, capacity 13514K, committed 13696K, reserved 1060864K
  class space    used 1291K, capacity 1358K, committed 1408K, reserved 1048576K
}
Event: 1.819 GC heap after
{Heap after GC invocations=8 (full 0):
 garbage-first heap   total 157696K, used 58368K [0x00000000c0000000, 0x0000000100000000)
  region size 1024K, 7 young (7168K), 7 survivors (7168K)
 Metaspace       used 13290K, capacity 13514K, committed 13696K, reserved 1060864K
  class space    used 1291K, capacity 1358K, committed 1408K, reserved 1048576K
}
Event: 1.888 GC heap before
{Heap before GC invocations=8 (full 0):
 garbage-first heap   total 157696K, used 76800K [0x00000000c0000000, 0x0000000100000000)
  region size 1024K, 26 young (26624K), 7 survivors (7168K)
 Metaspace       used 13304K, capacity 13514K, committed 13696K, reserved 1060864K
  class space    used 1293K, capacity 1358K, committed 1408K, reserved 1048576K
}
Event: 1.915 GC heap after
{Heap after GC invocations=9 (full 0):
 garbage-first heap   total 157696K, used 62976K [0x00000000c0000000, 0x0000000100000000)
  region size 1024K, 4 young (4096K), 4 survivors (4096K)
 Metaspace       used 13304K, capacity 13514K, committed 13696K, reserved 1060864K
  class space    used 1293K, capacity 1358K, committed 1408K, reserved 1048576K
}
Event: 2.045 GC heap before
{Heap before GC invocations=9 (full 0):
 garbage-first heap   total 157696K, used 100864K [0x00000000c0000000, 0x0000000100000000)
  region size 1024K, 42 young (43008K), 4 survivors (4096K)
 Metaspace       used 13313K, capacity 13516K, committed 13696K, reserved 1060864K
  class space    used 1293K, capacity 1358K, committed 1408K, reserved 1048576K
}
Event: 2.072 GC heap after
{Heap after GC invocations=10 (full 0):
 garbage-first heap   total 157696K, used 72192K [0x00000000c0000000, 0x0000000100000000)
  region size 1024K, 6 young (6144K), 6 survivors (6144K)
 Metaspace       used 13313K, capacity 13516K, committed 13696K, reserved 1060864K
  class space    used 1293K, capacity 1358K, committed 1408K, reserved 1048576K
}
Event: 2.238 GC heap before
{Heap before GC invocations=10 (full 0):
 garbage-first heap   total 157696K, used 107008K [0x00000000c0000000, 0x0000000100000000)
  region size 1024K, 41 young (41984K), 6 survivors (6144K)
 Metaspace       used 13326K, capacity 13519K, committed 13696K, reserved 1060864K
  class space    used 1293K, capacity 1358K, committed 1408K, reserved 1048576K
}
Event: 2.274 GC heap after
{Heap after GC invocations=11 (full 0):
 garbage-first heap   total 315392K, used 81328K [0x00000000c0000000, 0x0000000100000000)
  region size 1024K, 6 young (6144K), 6 survivors (6144K)
 Metaspace       used 13326K, capacity 13519K, committed 13696K, reserved 1060864K
  class space    used 1293K, capacity 1358K, committed 1408K, reserved 1048576K
}
Event: 2.490 GC heap before
{Heap before GC invocations=11 (full 0):
 garbage-first heap   total 315392K, used 129456K [0x00000000c0000000, 0x0000000100000000)
  region size 1024K, 51 young (52224K), 6 survivors (6144K)
 Metaspace       used 13326K, capacity 13519K, committed 13696K, reserved 1060864K
  class space    used 1293K, capacity 1358K, committed 1408K, reserved 1048576K
}
Event: 2.539 GC heap after
{Heap after GC invocations=12 (full 0):
 garbage-first heap   total 315392K, used 94208K [0x00000000c0000000, 0x0000000100000000)
  region size 1024K, 7 young (7168K), 7 survivors (7168K)
 Metaspace       used 13326K, capacity 13519K, committed 13696K, reserved 1060864K
  class space    used 1293K, capacity 1358K, committed 1408K, reserved 1048576K
}
Event: 2.794 GC heap before
{Heap before GC invocations=12 (full 0):
 garbage-first heap   total 315392K, used 156672K [0x00000000c0000000, 0x0000000100000000)
  region size 1024K, 67 young (68608K), 7 survivors (7168K)
 Metaspace       used 13326K, capacity 13519K, committed 13696K, reserved 1060864K
  class space    used 1293K, capacity 1358K, committed 1408K, reserved 1048576K
}
Event: 2.840 GC heap after
{Heap after GC invocations=13 (full 0):
 garbage-first heap   total 315392K, used 108362K [0x00000000c0000000, 0x0000000100000000)
  region size 1024K, 9 young (9216K), 9 survivors (9216K)
 Metaspace       used 13326K, capacity 13519K, committed 13696K, reserved 1060864K
  class space    used 1293K, capacity 1358K, committed 1408K, reserved 1048576K
}
Event: 3.502 GC heap before
{Heap before GC invocations=13 (full 0):
 garbage-first heap   total 315392K, used 188234K [0x00000000c0000000, 0x0000000100000000)
  region size 1024K, 86 young (88064K), 9 survivors (9216K)
 Metaspace       used 14950K, capacity 15156K, committed 15232K, reserved 1062912K
  class space    used 1518K, capacity 1626K, committed 1664K, reserved 1048576K
}
Event: 3.558 GC heap after
{Heap after GC invocations=14 (full 0):
 garbage-first heap   total 315392K, used 124904K [0x00000000c0000000, 0x0000000100000000)
  region size 1024K, 11 young (11264K), 11 survivors (11264K)
 Metaspace       used 14950K, capacity 15156K, committed 15232K, reserved 1062912K
  class space    used 1518K, capacity 1626K, committed 1664K, reserved 1048576K
}
Event: 3.807 GC heap before
{Heap before GC invocations=14 (full 0):
 garbage-first heap   total 315392K, used 207848K [0x00000000c0000000, 0x0000000100000000)
  region size 1024K, 92 young (94208K), 11 survivors (11264K)
 Metaspace       used 14954K, capacity 15156K, committed 15232K, reserved 1062912K
  class space    used 1518K, capacity 1626K, committed 1664K, reserved 1048576K
}

